<?xml version="1.0" encoding="UTF-8"?>
<!-- Generated by org.testng.reporters.JUnitXMLReporter -->
<testsuite ignored="0" hostname="Likitha" failures="0" tests="3" name="Test" time="0.119" errors="0" timestamp="2025-12-03T12:30:18 IST">
  <testcase classname="github.GithubPracticeTest" name="githubPracTest" time="0.015"/>
  <testcase classname="jenkins.JenkinsPracticeTest" name="jenkinsPracticeTest" time="0.002"/>
  <testcase classname="maven.MavenPracticeTest" name="mavenPracgticeTest" time="0.002"/>
</testsuite> <!-- Test -->
