<?xml version="1.0" encoding="UTF-8"?>
<testng-results ignored="0" total="3" passed="3" failed="0" skipped="0">
  <reporter-output>
    <line>
      <![CDATA[HiGithub]]>
    </line>
    <line>
      <![CDATA[Hi,Jenkines]]>
    </line>
    <line>
      <![CDATA[Hi Maveen]]>
    </line>
  </reporter-output>
  <suite started-at="2025-12-03T12:30:18 IST" name="Suite" finished-at="2025-12-03T12:30:18 IST" duration-ms="119">
    <groups>
    </groups>
    <test started-at="2025-12-03T12:30:18 IST" name="Test" finished-at="2025-12-03T12:30:18 IST" duration-ms="119">
      <class name="maven.MavenPracticeTest">
        <test-method signature="mavenPracgticeTest()[pri:0, instance:maven.MavenPracticeTest@5af3afd9]" started-at="2025-12-03T12:30:18 IST" name="mavenPracgticeTest" finished-at="2025-12-03T12:30:18 IST" duration-ms="2" status="PASS">
          <reporter-output>
            <line>
              <![CDATA[Hi Maveen]]>
            </line>
          </reporter-output>
        </test-method> <!-- mavenPracgticeTest -->
      </class> <!-- maven.MavenPracticeTest -->
      <class name="jenkins.JenkinsPracticeTest">
        <test-method signature="jenkinsPracticeTest()[pri:0, instance:jenkins.JenkinsPracticeTest@661972b0]" started-at="2025-12-03T12:30:18 IST" name="jenkinsPracticeTest" finished-at="2025-12-03T12:30:18 IST" duration-ms="2" status="PASS">
          <reporter-output>
            <line>
              <![CDATA[Hi,Jenkines]]>
            </line>
          </reporter-output>
        </test-method> <!-- jenkinsPracticeTest -->
      </class> <!-- jenkins.JenkinsPracticeTest -->
      <class name="github.GithubPracticeTest">
        <test-method signature="githubPracTest()[pri:0, instance:github.GithubPracticeTest@3ce1e309]" started-at="2025-12-03T12:30:18 IST" name="githubPracTest" finished-at="2025-12-03T12:30:18 IST" duration-ms="15" status="PASS">
          <reporter-output>
            <line>
              <![CDATA[HiGithub]]>
            </line>
          </reporter-output>
        </test-method> <!-- githubPracTest -->
      </class> <!-- github.GithubPracticeTest -->
    </test> <!-- Test -->
  </suite> <!-- Suite -->
</testng-results>
