<?xml version="1.0" encoding="UTF-8"?>
<!-- Generated by org.testng.reporters.JUnitReportReporter -->
<testsuite hostname="Likitha" failures="0" tests="1" name="github.GithubPracticeTest" time="0.015" errors="0" timestamp="2025-12-03T12:30:18 IST" skipped="0">
  <testcase classname="github.GithubPracticeTest" name="githubPracTest" time="0.015">
    <system-out>
      <![CDATA[HiGithub]]>
    </system-out>
  </testcase> <!-- githubPracTest -->
  <system-out>
    <![CDATA[HiGithub
Hi,Jenkines
Hi Maveen]]>
  </system-out>
</testsuite> <!-- github.GithubPracticeTest -->
