<?xml version="1.0" encoding="UTF-8"?>
<!-- Generated by org.testng.reporters.JUnitReportReporter -->
<testsuite hostname="Likitha" failures="0" tests="1" name="maven.MavenPracticeTest" time="0.002" errors="0" timestamp="2025-12-03T12:30:18 IST" skipped="0">
  <testcase classname="maven.MavenPracticeTest" name="mavenPracgticeTest" time="0.002">
    <system-out>
      <![CDATA[Hi Maveen]]>
    </system-out>
  </testcase> <!-- mavenPracgticeTest -->
  <system-out>
    <![CDATA[HiGithub
Hi,Jenkines
Hi Maveen]]>
  </system-out>
</testsuite> <!-- maven.MavenPracticeTest -->
