<?xml version="1.0" encoding="UTF-8"?>
<!-- Generated by org.testng.reporters.JUnitReportReporter -->
<testsuite hostname="Likitha" failures="0" tests="1" name="jenkins.JenkinsPracticeTest" time="0.002" errors="0" timestamp="2025-12-03T12:30:18 IST" skipped="0">
  <testcase classname="jenkins.JenkinsPracticeTest" name="jenkinsPracticeTest" time="0.002">
    <system-out>
      <![CDATA[Hi,Jenkines]]>
    </system-out>
  </testcase> <!-- jenkinsPracticeTest -->
  <system-out>
    <![CDATA[HiGithub
Hi,Jenkines
Hi Maveen]]>
  </system-out>
</testsuite> <!-- jenkins.JenkinsPracticeTest -->
